[     195ms] [WARNING] [Meta pixel] 904643748902958 is unavailable on this website due to it's traffic permission settings. Go to https://www.facebook.com/business/help/572690630080597 to learn more. @ https://connect.facebook.net/en_US/fbevents.js:177
[     196ms] [WARNING] [Meta pixel] 904643748902958 is unavailable on this website due to it's traffic permission settings. Go to https://www.facebook.com/business/help/572690630080597 to learn more. @ https://connect.facebook.net/en_US/fbevents.js:177
[  202633ms] [WARNING] [Meta pixel] 904643748902958 is unavailable on this website due to it's traffic permission settings. Go to https://www.facebook.com/business/help/572690630080597 to learn more. @ https://connect.facebook.net/en_US/fbevents.js:177
[  248588ms] [WARNING] [Meta pixel] 904643748902958 is unavailable on this website due to it's traffic permission settings. Go to https://www.facebook.com/business/help/572690630080597 to learn more. @ https://connect.facebook.net/en_US/fbevents.js:177
[  248589ms] [WARNING] [Meta pixel] 904643748902958 is unavailable on this website due to it's traffic permission settings. Go to https://www.facebook.com/business/help/572690630080597 to learn more. @ https://connect.facebook.net/en_US/fbevents.js:177
[  805322ms] [WARNING] [Meta pixel] 904643748902958 is unavailable on this website due to it's traffic permission settings. Go to https://www.facebook.com/business/help/572690630080597 to learn more. @ https://connect.facebook.net/en_US/fbevents.js:177
[  811792ms] [WARNING] [Meta pixel] 904643748902958 is unavailable on this website due to it's traffic permission settings. Go to https://www.facebook.com/business/help/572690630080597 to learn more. @ https://connect.facebook.net/en_US/fbevents.js:177
[  811793ms] [WARNING] [Meta pixel] 904643748902958 is unavailable on this website due to it's traffic permission settings. Go to https://www.facebook.com/business/help/572690630080597 to learn more. @ https://connect.facebook.net/en_US/fbevents.js:177
[  816402ms] [WARNING] [Meta pixel] 904643748902958 is unavailable on this website due to it's traffic permission settings. Go to https://www.facebook.com/business/help/572690630080597 to learn more. @ https://connect.facebook.net/en_US/fbevents.js:177
[  817315ms] [WARNING] `markdownToSafeHTML` should not be imported on the client side. @ https://cal.com/_next/static/chunks/10cq5jbshc47w.js:8
[  817325ms] [WARNING] [DEPRECATED] Use `createWithEqualityFn` instead of `create` or use `useStoreWithEqualityFn` instead of `useStore`. They can be imported from 'zustand/traditional'. https://github.com/pmndrs/zustand/discussions/1937 @ https://cal.com/_next/static/chunks/10cq5jbshc47w.js:8
[  817326ms] [WARNING] react-i18next:: You will need to pass in an i18next instance by using initReactI18next @ https://cal.com/_next/static/chunks/10cq5jbshc47w.js:8
[  817346ms] [LOG] QuickAvailabilityCheck feature enabled: false @ https://cal.com/_next/static/chunks/10cq5jbshc47w.js:8
[  817353ms] [LOG] QuickAvailabilityCheck feature enabled: false @ https://cal.com/_next/static/chunks/10cq5jbshc47w.js:8
[  817943ms] [WARNING] [Meta pixel] 904643748902958 is unavailable on this website due to it's traffic permission settings. Go to https://www.facebook.com/business/help/572690630080597 to learn more. @ https://cal.com/_next/static/chunks/10cq5jbshc47w.js:8
[  817945ms] [WARNING] [Meta pixel] 904643748902958 is unavailable on this website due to it's traffic permission settings. Go to https://www.facebook.com/business/help/572690630080597 to learn more. @ https://cal.com/_next/static/chunks/10cq5jbshc47w.js:8
[  831097ms] [WARNING] [Meta pixel] 904643748902958 is unavailable on this website due to it's traffic permission settings. Go to https://www.facebook.com/business/help/572690630080597 to learn more. @ https://cal.com/_next/static/chunks/10cq5jbshc47w.js:8
[  832816ms] [WARNING] [Meta pixel] 904643748902958 is unavailable on this website due to it's traffic permission settings. Go to https://www.facebook.com/business/help/572690630080597 to learn more. @ https://cal.com/_next/static/chunks/10cq5jbshc47w.js:8
[  835395ms] [WARNING] [Meta pixel] 904643748902958 is unavailable on this website due to it's traffic permission settings. Go to https://www.facebook.com/business/help/572690630080597 to learn more. @ https://cal.com/_next/static/chunks/10cq5jbshc47w.js:8
[  835491ms] [WARNING] [Meta pixel] 904643748902958 is unavailable on this website due to it's traffic permission settings. Go to https://www.facebook.com/business/help/572690630080597 to learn more. @ https://cal.com/_next/static/chunks/10cq5jbshc47w.js:8
[  836286ms] [WARNING] [Meta pixel] 904643748902958 is unavailable on this website due to it's traffic permission settings. Go to https://www.facebook.com/business/help/572690630080597 to learn more. @ https://cal.com/_next/static/chunks/10cq5jbshc47w.js:8
[  836359ms] [WARNING] [Meta pixel] 904643748902958 is unavailable on this website due to it's traffic permission settings. Go to https://www.facebook.com/business/help/572690630080597 to learn more. @ https://cal.com/_next/static/chunks/10cq5jbshc47w.js:8
[  839269ms] [WARNING] [Meta pixel] 904643748902958 is unavailable on this website due to it's traffic permission settings. Go to https://www.facebook.com/business/help/572690630080597 to learn more. @ https://connect.facebook.net/en_US/fbevents.js:177
[  839270ms] [WARNING] [Meta pixel] 904643748902958 is unavailable on this website due to it's traffic permission settings. Go to https://www.facebook.com/business/help/572690630080597 to learn more. @ https://connect.facebook.net/en_US/fbevents.js:177
[  863793ms] [WARNING] [Meta pixel] 904643748902958 is unavailable on this website due to it's traffic permission settings. Go to https://www.facebook.com/business/help/572690630080597 to learn more. @ https://connect.facebook.net/en_US/fbevents.js:177
[  864879ms] [WARNING] `markdownToSafeHTML` should not be imported on the client side. @ https://cal.com/_next/static/chunks/10cq5jbshc47w.js:8
[  864890ms] [WARNING] [DEPRECATED] Use `createWithEqualityFn` instead of `create` or use `useStoreWithEqualityFn` instead of `useStore`. They can be imported from 'zustand/traditional'. https://github.com/pmndrs/zustand/discussions/1937 @ https://cal.com/_next/static/chunks/10cq5jbshc47w.js:8
[  864892ms] [WARNING] react-i18next:: You will need to pass in an i18next instance by using initReactI18next @ https://cal.com/_next/static/chunks/10cq5jbshc47w.js:8
[  864909ms] [LOG] QuickAvailabilityCheck feature enabled: false @ https://cal.com/_next/static/chunks/10cq5jbshc47w.js:8
[  864915ms] [LOG] QuickAvailabilityCheck feature enabled: false @ https://cal.com/_next/static/chunks/10cq5jbshc47w.js:8
[  865636ms] [WARNING] [Meta pixel] 904643748902958 is unavailable on this website due to it's traffic permission settings. Go to https://www.facebook.com/business/help/572690630080597 to learn more. @ https://cal.com/_next/static/chunks/10cq5jbshc47w.js:8
[  865639ms] [WARNING] [Meta pixel] 904643748902958 is unavailable on this website due to it's traffic permission settings. Go to https://www.facebook.com/business/help/572690630080597 to learn more. @ https://cal.com/_next/static/chunks/10cq5jbshc47w.js:8
[  998924ms] [WARNING] [Meta pixel] 904643748902958 is unavailable on this website due to it's traffic permission settings. Go to https://www.facebook.com/business/help/572690630080597 to learn more. @ https://connect.facebook.net/en_US/fbevents.js:177
[  998925ms] [WARNING] [Meta pixel] 904643748902958 is unavailable on this website due to it's traffic permission settings. Go to https://www.facebook.com/business/help/572690630080597 to learn more. @ https://connect.facebook.net/en_US/fbevents.js:177
[ 1004438ms] [WARNING] [Meta pixel] 904643748902958 is unavailable on this website due to it's traffic permission settings. Go to https://www.facebook.com/business/help/572690630080597 to learn more. @ https://connect.facebook.net/en_US/fbevents.js:177
[ 1005501ms] [WARNING] `markdownToSafeHTML` should not be imported on the client side. @ https://cal.com/_next/static/chunks/10cq5jbshc47w.js:8
[ 1005521ms] [WARNING] [DEPRECATED] Use `createWithEqualityFn` instead of `create` or use `useStoreWithEqualityFn` instead of `useStore`. They can be imported from 'zustand/traditional'. https://github.com/pmndrs/zustand/discussions/1937 @ https://cal.com/_next/static/chunks/10cq5jbshc47w.js:8
[ 1005522ms] [WARNING] react-i18next:: You will need to pass in an i18next instance by using initReactI18next @ https://cal.com/_next/static/chunks/10cq5jbshc47w.js:8
[ 1005556ms] [LOG] QuickAvailabilityCheck feature enabled: false @ https://cal.com/_next/static/chunks/10cq5jbshc47w.js:8
[ 1005563ms] [LOG] QuickAvailabilityCheck feature enabled: false @ https://cal.com/_next/static/chunks/10cq5jbshc47w.js:8
[ 1006069ms] [WARNING] [Meta pixel] 904643748902958 is unavailable on this website due to it's traffic permission settings. Go to https://www.facebook.com/business/help/572690630080597 to learn more. @ https://cal.com/_next/static/chunks/10cq5jbshc47w.js:8
[ 1006071ms] [WARNING] [Meta pixel] 904643748902958 is unavailable on this website due to it's traffic permission settings. Go to https://www.facebook.com/business/help/572690630080597 to learn more. @ https://cal.com/_next/static/chunks/10cq5jbshc47w.js:8
[ 1115045ms] [WARNING] [Meta pixel] 904643748902958 is unavailable on this website due to it's traffic permission settings. Go to https://www.facebook.com/business/help/572690630080597 to learn more. @ https://connect.facebook.net/en_US/fbevents.js:177
[ 1115046ms] [WARNING] [Meta pixel] 904643748902958 is unavailable on this website due to it's traffic permission settings. Go to https://www.facebook.com/business/help/572690630080597 to learn more. @ https://connect.facebook.net/en_US/fbevents.js:177
[ 1120518ms] [WARNING] [Meta pixel] 904643748902958 is unavailable on this website due to it's traffic permission settings. Go to https://www.facebook.com/business/help/572690630080597 to learn more. @ https://connect.facebook.net/en_US/fbevents.js:177
[ 1121362ms] [WARNING] `markdownToSafeHTML` should not be imported on the client side. @ https://cal.com/_next/static/chunks/10cq5jbshc47w.js:8
[ 1121380ms] [WARNING] [DEPRECATED] Use `createWithEqualityFn` instead of `create` or use `useStoreWithEqualityFn` instead of `useStore`. They can be imported from 'zustand/traditional'. https://github.com/pmndrs/zustand/discussions/1937 @ https://cal.com/_next/static/chunks/10cq5jbshc47w.js:8
[ 1121381ms] [WARNING] react-i18next:: You will need to pass in an i18next instance by using initReactI18next @ https://cal.com/_next/static/chunks/10cq5jbshc47w.js:8
[ 1121417ms] [LOG] QuickAvailabilityCheck feature enabled: false @ https://cal.com/_next/static/chunks/10cq5jbshc47w.js:8
[ 1121425ms] [LOG] QuickAvailabilityCheck feature enabled: false @ https://cal.com/_next/static/chunks/10cq5jbshc47w.js:8
[ 1121990ms] [WARNING] [Meta pixel] 904643748902958 is unavailable on this website due to it's traffic permission settings. Go to https://www.facebook.com/business/help/572690630080597 to learn more. @ https://cal.com/_next/static/chunks/10cq5jbshc47w.js:8
[ 1121992ms] [WARNING] [Meta pixel] 904643748902958 is unavailable on this website due to it's traffic permission settings. Go to https://www.facebook.com/business/help/572690630080597 to learn more. @ https://cal.com/_next/static/chunks/10cq5jbshc47w.js:8
[ 1203159ms] [WARNING] [Meta pixel] 904643748902958 is unavailable on this website due to it's traffic permission settings. Go to https://www.facebook.com/business/help/572690630080597 to learn more. @ https://connect.facebook.net/en_US/fbevents.js:177
[ 1203160ms] [WARNING] [Meta pixel] 904643748902958 is unavailable on this website due to it's traffic permission settings. Go to https://www.facebook.com/business/help/572690630080597 to learn more. @ https://connect.facebook.net/en_US/fbevents.js:177
[ 1207406ms] [WARNING] [Meta pixel] 904643748902958 is unavailable on this website due to it's traffic permission settings. Go to https://www.facebook.com/business/help/572690630080597 to learn more. @ https://connect.facebook.net/en_US/fbevents.js:177
[ 1208472ms] [WARNING] `markdownToSafeHTML` should not be imported on the client side. @ https://cal.com/_next/static/chunks/10cq5jbshc47w.js:8
[ 1208482ms] [WARNING] [DEPRECATED] Use `createWithEqualityFn` instead of `create` or use `useStoreWithEqualityFn` instead of `useStore`. They can be imported from 'zustand/traditional'. https://github.com/pmndrs/zustand/discussions/1937 @ https://cal.com/_next/static/chunks/10cq5jbshc47w.js:8
[ 1208483ms] [WARNING] react-i18next:: You will need to pass in an i18next instance by using initReactI18next @ https://cal.com/_next/static/chunks/10cq5jbshc47w.js:8
[ 1208505ms] [LOG] QuickAvailabilityCheck feature enabled: false @ https://cal.com/_next/static/chunks/10cq5jbshc47w.js:8
[ 1208513ms] [LOG] QuickAvailabilityCheck feature enabled: false @ https://cal.com/_next/static/chunks/10cq5jbshc47w.js:8
[ 1209089ms] [WARNING] [Meta pixel] 904643748902958 is unavailable on this website due to it's traffic permission settings. Go to https://www.facebook.com/business/help/572690630080597 to learn more. @ https://cal.com/_next/static/chunks/10cq5jbshc47w.js:8
[ 1209091ms] [WARNING] [Meta pixel] 904643748902958 is unavailable on this website due to it's traffic permission settings. Go to https://www.facebook.com/business/help/572690630080597 to learn more. @ https://cal.com/_next/static/chunks/10cq5jbshc47w.js:8
[ 1257033ms] [WARNING] [Meta pixel] 904643748902958 is unavailable on this website due to it's traffic permission settings. Go to https://www.facebook.com/business/help/572690630080597 to learn more. @ https://connect.facebook.net/en_US/fbevents.js:177
[ 1257034ms] [WARNING] [Meta pixel] 904643748902958 is unavailable on this website due to it's traffic permission settings. Go to https://www.facebook.com/business/help/572690630080597 to learn more. @ https://connect.facebook.net/en_US/fbevents.js:177
[ 1264597ms] [WARNING] [Meta pixel] 904643748902958 is unavailable on this website due to it's traffic permission settings. Go to https://www.facebook.com/business/help/572690630080597 to learn more. @ https://connect.facebook.net/en_US/fbevents.js:177
[ 1265877ms] [WARNING] `markdownToSafeHTML` should not be imported on the client side. @ https://cal.com/_next/static/chunks/10cq5jbshc47w.js:8
[ 1265889ms] [WARNING] [DEPRECATED] Use `createWithEqualityFn` instead of `create` or use `useStoreWithEqualityFn` instead of `useStore`. They can be imported from 'zustand/traditional'. https://github.com/pmndrs/zustand/discussions/1937 @ https://cal.com/_next/static/chunks/10cq5jbshc47w.js:8
[ 1265890ms] [WARNING] react-i18next:: You will need to pass in an i18next instance by using initReactI18next @ https://cal.com/_next/static/chunks/10cq5jbshc47w.js:8
[ 1265912ms] [LOG] QuickAvailabilityCheck feature enabled: false @ https://cal.com/_next/static/chunks/10cq5jbshc47w.js:8
[ 1265920ms] [LOG] QuickAvailabilityCheck feature enabled: false @ https://cal.com/_next/static/chunks/10cq5jbshc47w.js:8
[ 1266537ms] [WARNING] [Meta pixel] 904643748902958 is unavailable on this website due to it's traffic permission settings. Go to https://www.facebook.com/business/help/572690630080597 to learn more. @ https://cal.com/_next/static/chunks/10cq5jbshc47w.js:8
[ 1266540ms] [WARNING] [Meta pixel] 904643748902958 is unavailable on this website due to it's traffic permission settings. Go to https://www.facebook.com/business/help/572690630080597 to learn more. @ https://cal.com/_next/static/chunks/10cq5jbshc47w.js:8
[ 1371871ms] [WARNING] [Meta pixel] 904643748902958 is unavailable on this website due to it's traffic permission settings. Go to https://www.facebook.com/business/help/572690630080597 to learn more. @ https://connect.facebook.net/en_US/fbevents.js:177
[ 1371871ms] [WARNING] [Meta pixel] 904643748902958 is unavailable on this website due to it's traffic permission settings. Go to https://www.facebook.com/business/help/572690630080597 to learn more. @ https://connect.facebook.net/en_US/fbevents.js:177
[ 1376570ms] [WARNING] [Meta pixel] 904643748902958 is unavailable on this website due to it's traffic permission settings. Go to https://www.facebook.com/business/help/572690630080597 to learn more. @ https://connect.facebook.net/en_US/fbevents.js:177
[ 1377890ms] [WARNING] `markdownToSafeHTML` should not be imported on the client side. @ https://cal.com/_next/static/chunks/10cq5jbshc47w.js:8
[ 1377903ms] [WARNING] [DEPRECATED] Use `createWithEqualityFn` instead of `create` or use `useStoreWithEqualityFn` instead of `useStore`. They can be imported from 'zustand/traditional'. https://github.com/pmndrs/zustand/discussions/1937 @ https://cal.com/_next/static/chunks/10cq5jbshc47w.js:8
[ 1377905ms] [WARNING] react-i18next:: You will need to pass in an i18next instance by using initReactI18next @ https://cal.com/_next/static/chunks/10cq5jbshc47w.js:8
[ 1377924ms] [LOG] QuickAvailabilityCheck feature enabled: false @ https://cal.com/_next/static/chunks/10cq5jbshc47w.js:8
[ 1377933ms] [LOG] QuickAvailabilityCheck feature enabled: false @ https://cal.com/_next/static/chunks/10cq5jbshc47w.js:8
[ 1378546ms] [WARNING] [Meta pixel] 904643748902958 is unavailable on this website due to it's traffic permission settings. Go to https://www.facebook.com/business/help/572690630080597 to learn more. @ https://cal.com/_next/static/chunks/10cq5jbshc47w.js:8
[ 1378549ms] [WARNING] [Meta pixel] 904643748902958 is unavailable on this website due to it's traffic permission settings. Go to https://www.facebook.com/business/help/572690630080597 to learn more. @ https://cal.com/_next/static/chunks/10cq5jbshc47w.js:8
[ 1384113ms] [WARNING] [Meta pixel] 904643748902958 is unavailable on this website due to it's traffic permission settings. Go to https://www.facebook.com/business/help/572690630080597 to learn more. @ https://connect.facebook.net/en_US/fbevents.js:177
[ 1384113ms] [WARNING] [Meta pixel] 904643748902958 is unavailable on this website due to it's traffic permission settings. Go to https://www.facebook.com/business/help/572690630080597 to learn more. @ https://connect.facebook.net/en_US/fbevents.js:177
[ 1386701ms] [WARNING] [Meta pixel] 904643748902958 is unavailable on this website due to it's traffic permission settings. Go to https://www.facebook.com/business/help/572690630080597 to learn more. @ https://connect.facebook.net/en_US/fbevents.js:177
[ 1386702ms] [WARNING] [Meta pixel] 904643748902958 is unavailable on this website due to it's traffic permission settings. Go to https://www.facebook.com/business/help/572690630080597 to learn more. @ https://connect.facebook.net/en_US/fbevents.js:177
